<?xml version="1.0" encoding="UTF-8"?>
<testng-results skipped="0" failed="0" ignored="0" total="1" passed="1">
  <reporter-output>
  </reporter-output>
  <suite name="Suite" duration-ms="19650" started-at="2018-04-05T10:02:37Z" finished-at="2018-04-05T10:02:57Z">
    <groups>
    </groups>
    <test name="Test" duration-ms="19650" started-at="2018-04-05T10:02:37Z" finished-at="2018-04-05T10:02:57Z">
      <class name="com.differentBrowserTestNG.LaunchBrowser">
        <test-method status="PASS" signature="launchBrowser(java.lang.String)[pri:0, instance:com.differentBrowserTestNG.LaunchBrowser@4cc0edeb]" name="launchBrowser" duration-ms="19632" started-at="2018-04-05T15:32:37Z" finished-at="2018-04-05T15:32:57Z">
          <params>
            <param index="0">
              <value>
                <![CDATA[Chrome]]>
              </value>
            </param>
          </params>
          <reporter-output>
          </reporter-output>
        </test-method> <!-- launchBrowser -->
      </class> <!-- com.differentBrowserTestNG.LaunchBrowser -->
    </test> <!-- Test -->
  </suite> <!-- Suite -->
</testng-results>
